<?xml version="1.0" encoding="UTF-8"?>
<!-- Generated by org.testng.reporters.JUnitXMLReporter -->
<testsuite ignored="0" hostname="USMUMAWANGA11" failures="1" tests="1" name="Default test" time="12.358" errors="0" timestamp="2023-05-11T14:19:32 IST">
  <testcase classname="io.cucumber.testng.AbstractTestNGCucumberTests" name="runScenario" time="6.549">
    <failure type="java.lang.AssertionError" message="null">
      <![CDATA[java.lang.AssertionError: null
at org.testng.Assert.fail(Assert.java:110)
at org.testng.Assert.fail(Assert.java:115)
at com.cucumber.stepdef.DemoStepDef.i_am_not_able_to_see_any_error_message(DemoStepDef.java:36)
at âœ½.I am not able to see any error message(file:///C:/Users/awangate/eclipse-workspace/SeleniumCucumberFramework/src/test/resources/features/demo.feature:8)
]]>
    </failure>
  </testcase> <!-- runScenario -->
</testsuite> <!-- Default test -->
